Determining if the pthread_create exist failed with the following output:
Change Dir: /home/pi/Desktop/ros/build/CMakeFiles/CMakeTmp

Run Build Command:"/usr/bin/make" "cmTC_4016e/fast"
/usr/bin/make -f CMakeFiles/cmTC_4016e.dir/build.make CMakeFiles/cmTC_4016e.dir/build
make[1]: Entering directory '/home/pi/Desktop/ros/build/CMakeFiles/CMakeTmp'
Building C object CMakeFiles/cmTC_4016e.dir/CheckSymbolExists.c.o
/usr/bin/cc     -o CMakeFiles/cmTC_4016e.dir/CheckSymbolExists.c.o   -c /home/pi/Desktop/ros/build/CMakeFiles/CMakeTmp/CheckSymbolExists.c
Linking C executable cmTC_4016e
/usr/bin/cmake -E cmake_link_script CMakeFiles/cmTC_4016e.dir/link.txt --verbose=1
/usr/bin/cc       CMakeFiles/cmTC_4016e.dir/CheckSymbolExists.c.o  -o cmTC_4016e -rdynamic 
CMakeFiles/cmTC_4016e.dir/CheckSymbolExists.c.o: In function `main':
CheckSymbolExists.c:(.text+0x38): undefined reference to `pthread_create'
collect2: error: ld returned 1 exit status
CMakeFiles/cmTC_4016e.dir/build.make:97: recipe for target 'cmTC_4016e' failed
make[1]: *** [cmTC_4016e] Error 1
make[1]: Leaving directory '/home/pi/Desktop/ros/build/CMakeFiles/CMakeTmp'
Makefile:126: recipe for target 'cmTC_4016e/fast' failed
make: *** [cmTC_4016e/fast] Error 2

File /home/pi/Desktop/ros/build/CMakeFiles/CMakeTmp/CheckSymbolExists.c:
/* */
#include <pthread.h>

int main(int argc, char** argv)
{
  (void)argv;
#ifndef pthread_create
  return ((int*)(&pthread_create))[argc];
#else
  (void)argc;
  return 0;
#endif
}

Determining if the function pthread_create exists in the pthreads failed with the following output:
Change Dir: /home/pi/Desktop/ros/build/CMakeFiles/CMakeTmp

Run Build Command:"/usr/bin/make" "cmTC_e83b5/fast"
/usr/bin/make -f CMakeFiles/cmTC_e83b5.dir/build.make CMakeFiles/cmTC_e83b5.dir/build
make[1]: Entering directory '/home/pi/Desktop/ros/build/CMakeFiles/CMakeTmp'
Building C object CMakeFiles/cmTC_e83b5.dir/CheckFunctionExists.c.o
/usr/bin/cc    -DCHECK_FUNCTION_EXISTS=pthread_create   -o CMakeFiles/cmTC_e83b5.dir/CheckFunctionExists.c.o   -c /usr/share/cmake-3.7/Modules/CheckFunctionExists.c
Linking C executable cmTC_e83b5
/usr/bin/cmake -E cmake_link_script CMakeFiles/cmTC_e83b5.dir/link.txt --verbose=1
/usr/bin/cc   -DCHECK_FUNCTION_EXISTS=pthread_create    CMakeFiles/cmTC_e83b5.dir/CheckFunctionExists.c.o  -o cmTC_e83b5 -rdynamic -lpthreads 
/usr/bin/ld: cannot find -lpthreads
collect2: error: ld returned 1 exit status
CMakeFiles/cmTC_e83b5.dir/build.make:97: recipe for target 'cmTC_e83b5' failed
make[1]: *** [cmTC_e83b5] Error 1
make[1]: Leaving directory '/home/pi/Desktop/ros/build/CMakeFiles/CMakeTmp'
Makefile:126: recipe for target 'cmTC_e83b5/fast' failed
make: *** [cmTC_e83b5/fast] Error 2


